[21:55:13] [ServerMain/INFO]: Environment: authHost='https://authserver.mojang.com', accountsHost='https://api.mojang.com', sessionHost='https://sessionserver.mojang.com', servicesHost='https://api.minecraftservices.com', name='PROD'
[21:55:14] [ServerMain/WARN]: Ambiguity between arguments [teleport, location] and [teleport, destination] with inputs: [0.1 -0.5 .9, 0 0 0]
[21:55:14] [ServerMain/WARN]: Ambiguity between arguments [teleport, location] and [teleport, targets] with inputs: [0.1 -0.5 .9, 0 0 0]
[21:55:14] [ServerMain/WARN]: Ambiguity between arguments [teleport, destination] and [teleport, targets] with inputs: [Player, 0123, @e, dd12be42-52a9-4a91-a8a1-11c01849e498]
[21:55:14] [ServerMain/WARN]: Ambiguity between arguments [teleport, targets] and [teleport, destination] with inputs: [Player, 0123, dd12be42-52a9-4a91-a8a1-11c01849e498]
[21:55:14] [ServerMain/WARN]: Ambiguity between arguments [teleport, targets, location] and [teleport, targets, destination] with inputs: [0.1 -0.5 .9, 0 0 0]
[21:55:14] [ServerMain/INFO]: Reloading ResourceManager: Default
[21:55:15] [Worker-Main-4/INFO]: Loaded 7 recipes
[21:55:16] [Worker-Main-4/INFO]: Loaded 1141 advancements
[21:55:19] [Server thread/INFO]: Starting minecraft server version 1.18.1
[21:55:19] [Server thread/INFO]: Loading properties
[21:55:19] [Server thread/INFO]: Default game type: SURVIVAL
[21:55:19] [Server thread/INFO]: Generating keypair
[21:55:19] [Server thread/INFO]: Starting Minecraft server on *:25565
[21:55:19] [Server thread/INFO]: Using epoll channel type
[21:55:19] [Server thread/INFO]: Preparing level "world"
[21:55:20] [Server thread/INFO]: Preparing start region for dimension minecraft:overworld
[21:55:22] [Worker-Main-4/INFO]: Preparing spawn area: 0%
[21:55:22] [Worker-Main-4/INFO]: Preparing spawn area: 0%
[21:55:22] [Worker-Main-4/INFO]: Preparing spawn area: 0%
[21:55:22] [Worker-Main-4/INFO]: Preparing spawn area: 0%
[21:55:22] [Worker-Main-5/INFO]: Preparing spawn area: 0%
[21:55:22] [Worker-Main-6/INFO]: Preparing spawn area: 0%
[21:55:23] [Worker-Main-6/INFO]: Preparing spawn area: 0%
[21:55:23] [Worker-Main-6/INFO]: Preparing spawn area: 0%
[21:55:24] [Worker-Main-6/INFO]: Preparing spawn area: 0%
[21:55:24] [Worker-Main-5/INFO]: Preparing spawn area: 0%
[21:55:25] [Worker-Main-5/INFO]: Preparing spawn area: 0%
[21:55:25] [Worker-Main-4/INFO]: Preparing spawn area: 1%
[21:55:26] [Worker-Main-4/INFO]: Preparing spawn area: 1%
[21:55:26] [Worker-Main-4/INFO]: Preparing spawn area: 3%
[21:55:27] [Worker-Main-4/INFO]: Preparing spawn area: 4%
[21:55:27] [Worker-Main-5/INFO]: Preparing spawn area: 4%
[21:55:28] [Worker-Main-5/INFO]: Preparing spawn area: 4%
[21:55:28] [Worker-Main-6/INFO]: Preparing spawn area: 6%
[21:55:29] [Worker-Main-6/INFO]: Preparing spawn area: 10%
[21:55:29] [Worker-Main-4/INFO]: Preparing spawn area: 20%
[21:55:30] [Worker-Main-4/INFO]: Preparing spawn area: 20%
[21:55:30] [Worker-Main-6/INFO]: Preparing spawn area: 21%
[21:55:31] [Worker-Main-4/INFO]: Preparing spawn area: 24%
[21:55:31] [Worker-Main-6/INFO]: Preparing spawn area: 37%
[21:55:32] [Worker-Main-4/INFO]: Preparing spawn area: 59%
[21:55:32] [Worker-Main-5/INFO]: Preparing spawn area: 74%
[21:55:33] [Worker-Main-6/INFO]: Preparing spawn area: 74%
[21:55:33] [Worker-Main-6/INFO]: Preparing spawn area: 83%
[21:55:35] [Server thread/INFO]: Time elapsed: 15012 ms
[21:55:35] [Server thread/INFO]: Done (15.169s)! For help, type "help"
[21:55:39] [User Authenticator #1/INFO]: UUID of player JairThebear is 40c977de-e8b0-403c-9c83-fff0e9a41d51
[21:55:40] [Server thread/INFO]: JairThebear[/108.199.81.171:59455] logged in with entity id 56 at (1216.3639361605394, 112.0, 241.36724770909342)
[21:55:40] [Server thread/INFO]: JairThebear joined the game
[21:55:52] [Server thread/INFO]: Unknown or incomplete command, see below for error
[21:55:52] [Server thread/INFO]: /save<--[HERE]
[21:55:57] [Server thread/INFO]: Stopping the server
[21:55:57] [Server thread/INFO]: Stopping server
[21:55:57] [Server thread/INFO]: Saving players
[21:55:57] [Server thread/INFO]: Saving worlds
[21:55:57] [Server thread/INFO]: Saving chunks for level 'ServerLevel[world]'/minecraft:overworld
[21:55:57] [Server thread/INFO]: Saving chunks for level 'ServerLevel[world]'/minecraft:the_nether
[21:55:57] [Server thread/INFO]: Saving chunks for level 'ServerLevel[world]'/minecraft:the_end
[21:55:57] [Server thread/INFO]: ThreadedAnvilChunkStorage (world): All chunks are saved
[21:55:57] [Server thread/INFO]: ThreadedAnvilChunkStorage (DIM-1): All chunks are saved
[21:55:57] [Server thread/INFO]: ThreadedAnvilChunkStorage (DIM1): All chunks are saved
[21:55:57] [Server thread/INFO]: ThreadedAnvilChunkStorage: All dimensions are saved
